#
# There is insufficient memory for the Java Runtime Environment to continue.
# Native memory allocation (malloc) failed to allocate 714096 bytes for Chunk::new
# Possible reasons:
#   The system is out of physical RAM or swap space
#   The process is running with CompressedOops enabled, and the Java Heap may be blocking the growth of the native heap
# Possible solutions:
#   Reduce memory load on the system
#   Increase physical memory or swap space
#   Check if swap backing store is full
#   Decrease Java heap size (-Xmx/-Xms)
#   Decrease number of Java threads
#   Decrease Java thread stack sizes (-Xss)
#   Set larger code cache with -XX:ReservedCodeCacheSize=
#   JVM is running with Unscaled Compressed Oops mode in which the Java heap is
#     placed in the first 4GB address space. The Java Heap base address is the
#     maximum limit for the native heap growth. Please use -XX:HeapBaseMinAddress
#     to set the Java Heap base and to place the Java Heap above 4GB virtual address.
# This output file may be truncated or incomplete.
#
#  Out of Memory Error (arena.cpp:189), pid=20444, tid=16920
#
# JRE version: Java(TM) SE Runtime Environment (17.0.9+11) (build 17.0.9+11-LTS-201)
# Java VM: Java HotSpot(TM) 64-Bit Server VM (17.0.9+11-LTS-201, mixed mode, sharing, tiered, compressed oops, compressed class ptrs, g1 gc, windows-amd64)
# No core dump will be written. Minidumps are not enabled by default on client versions of Windows
#

---------------  S U M M A R Y ------------

Command Line: -Dfile.encoding=UTF-8 --module-path=C:\Users\ajay\Documents\NetBeansProjects\ATM Simulator Machine\build\classes atm.simulator.machine.Transactions

Host: AMD E1-7010 APU with AMD Radeon R2 Graphics    , 2 cores, 3G,  Windows 10 , 64 bit Build 19041 (10.0.19041.1889)
Time: Wed Mar 13 19:24:51 2024 India Standard Time elapsed time: 17.762587 seconds (0d 0h 0m 17s)

---------------  T H R E A D  ---------------

Current thread (0x000001f25b1356c0):  JavaThread "C2 CompilerThread0" daemon [_thread_in_native, id=16920, stack(0x0000008e0fb00000,0x0000008e0fc00000)]


Current CompileTask:
C2:  17845 1181   !   4       sun.font.TrueTypeFont::getTableBuffer (215 bytes)

Stack: [0x0000008e0fb00000,0x0000008e0fc00000]
Native frames: (J=compiled Java code, j=interpreted, Vv=VM code, C=native code)
V  [jvm.dll+0x678a4a]
V  [jvm.dll+0x7d9cfd]
V  [jvm.dll+0x7db60e]
V  [jvm.dll+0x7dbc73]
V  [jvm.dll+0x245e1f]
V  [jvm.dll+0xaaafb]
V  [jvm.dll+0xab09c]
V  [jvm.dll+0x36232f]
V  [jvm.dll+0x32ca01]
V  [jvm.dll+0x32be9a]
V  [jvm.dll+0x21812f]
V  [jvm.dll+0x217561]
V  [jvm.dll+0x1a3bc0]
V  [jvm.dll+0x2272de]
V  [jvm.dll+0x22548b]
V  [jvm.dll+0x78f58c]
V  [jvm.dll+0x78998a]
V  [jvm.dll+0x677875]
C  [ucrtbase.dll+0x21bb2]
C  [KERNEL32.DLL+0x17034]
C  [ntdll.dll+0x526a1]


---------------  P R O C E S S  ---------------

Threads class SMR info:
_java_thread_list=0x000001f2a32354c0, length=17, elements={
0x000001f25b120d80, 0x000001f25b1242c0, 0x000001f25b130050, 0x000001f25b130920,
0x000001f25b1311f0, 0x000001f25b133ad0, 0x000001f25b1356c0, 0x000001f25b1470b0,
0x000001f25b16a1a0, 0x000001f2408bbbf0, 0x000001f25b446440, 0x000001f25b57b580,
0x000001f25b57c340, 0x000001f25b48ae60, 0x000001f2a3205f40, 0x000001f25b727280,
0x000001f25b727ca0
}

Java Threads: ( => current thread )
  0x000001f25b120d80 JavaThread "Reference Handler" daemon [_thread_blocked, id=19464, stack(0x0000008e0f500000,0x0000008e0f600000)]
  0x000001f25b1242c0 JavaThread "Finalizer" daemon [_thread_blocked, id=18764, stack(0x0000008e0f600000,0x0000008e0f700000)]
  0x000001f25b130050 JavaThread "Signal Dispatcher" daemon [_thread_blocked, id=19388, stack(0x0000008e0f700000,0x0000008e0f800000)]
  0x000001f25b130920 JavaThread "Attach Listener" daemon [_thread_blocked, id=19460, stack(0x0000008e0f800000,0x0000008e0f900000)]
  0x000001f25b1311f0 JavaThread "Service Thread" daemon [_thread_blocked, id=19692, stack(0x0000008e0f900000,0x0000008e0fa00000)]
  0x000001f25b133ad0 JavaThread "Monitor Deflation Thread" daemon [_thread_blocked, id=19944, stack(0x0000008e0fa00000,0x0000008e0fb00000)]
=>0x000001f25b1356c0 JavaThread "C2 CompilerThread0" daemon [_thread_in_native, id=16920, stack(0x0000008e0fb00000,0x0000008e0fc00000)]
  0x000001f25b1470b0 JavaThread "C1 CompilerThread0" daemon [_thread_blocked, id=16648, stack(0x0000008e0fc00000,0x0000008e0fd00000)]
  0x000001f25b16a1a0 JavaThread "Sweeper thread" daemon [_thread_blocked, id=16840, stack(0x0000008e0fd00000,0x0000008e0fe00000)]
  0x000001f2408bbbf0 JavaThread "Common-Cleaner" daemon [_thread_blocked, id=10036, stack(0x0000008e0fe00000,0x0000008e0ff00000)]
  0x000001f25b446440 JavaThread "Notification Thread" daemon [_thread_blocked, id=18992, stack(0x0000008e0ff00000,0x0000008e10000000)]
  0x000001f25b57b580 JavaThread "Java2D Disposer" daemon [_thread_blocked, id=19260, stack(0x0000008e10100000,0x0000008e10200000)]
  0x000001f25b57c340 JavaThread "AWT-Windows" daemon [_thread_in_native, id=20204, stack(0x0000008e10300000,0x0000008e10400000)]
  0x000001f25b48ae60 JavaThread "AWT-Shutdown" [_thread_blocked, id=20128, stack(0x0000008e10c00000,0x0000008e10d00000)]
  0x000001f2a3205f40 JavaThread "AWT-EventQueue-0" [_thread_in_vm, id=19992, stack(0x0000008e10d00000,0x0000008e10e00000)]
  0x000001f25b727280 JavaThread "DestroyJavaVM" [_thread_blocked, id=19708, stack(0x0000008e0ee00000,0x0000008e0ef00000)]
  0x000001f25b727ca0 JavaThread "D3D Screen Updater" daemon [_thread_blocked, id=224876, stack(0x0000008e11000000,0x0000008e11100000)]

Other Threads:
  0x000001f2408c9140 VMThread "VM Thread" [stack: 0x0000008e0f400000,0x0000008e0f500000] [id=20028]
  0x000001f25b3bae00 WatcherThread [stack: 0x0000008e10000000,0x0000008e10100000] [id=19980]
  0x000001f240828aa0 GCTaskThread "GC Thread#0" [stack: 0x0000008e0ef00000,0x0000008e0f000000] [id=19716]
  0x000001f2a31f8020 GCTaskThread "GC Thread#1" [stack: 0x0000008e10200000,0x0000008e10300000] [id=19792]
  0x000001f240832be0 ConcurrentGCThread "G1 Main Marker" [stack: 0x0000008e0f000000,0x0000008e0f100000] [id=19748]
  0x000001f240833500 ConcurrentGCThread "G1 Conc#0" [stack: 0x0000008e0f100000,0x0000008e0f200000] [id=18528]
  0x000001f240866550 ConcurrentGCThread "G1 Refine#0" [stack: 0x0000008e0f200000,0x0000008e0f300000] [id=18944]
  0x000001f25b48a6d0 ConcurrentGCThread "G1 Refine#1" [stack: 0x0000008e10b00000,0x0000008e10c00000] [id=19616]
  0x000001f240866e90 ConcurrentGCThread "G1 Service" [stack: 0x0000008e0f300000,0x0000008e0f400000] [id=20192]

Threads with active compile tasks:
C2 CompilerThread0    18486 1181   !   4       sun.font.TrueTypeFont::getTableBuffer (215 bytes)

VM state: not at safepoint (normal execution)

VM Mutex/Monitor currently owned by a thread: None

Heap address: 0x00000000c8a00000, size: 886 MB, Compressed Oops mode: 32-bit

CDS archive(s) mapped at: [0x000001f25c000000-0x000001f25cbd0000-0x000001f25cbd0000), size 12386304, SharedBaseAddress: 0x000001f25c000000, ArchiveRelocationMode: 1.
Compressed class space mapped at: 0x000001f25d000000-0x000001f29d000000, reserved size: 1073741824
Narrow klass base: 0x000001f25c000000, Narrow klass shift: 0, Narrow klass range: 0x100000000

GC Precious Log:
 CPUs: 2 total, 2 available
 Memory: 3541M
 Large Page Support: Disabled
 NUMA Support: Disabled
 Compressed Oops: Enabled (32-bit)
 Heap Region Size: 1M
 Heap Min Capacity: 8M
 Heap Initial Capacity: 56M
 Heap Max Capacity: 886M
 Pre-touch: Disabled
 Parallel Workers: 2
 Concurrent Workers: 1
 Concurrent Refinement Workers: 2
 Periodic GC: Disabled

Heap:
 garbage-first heap   total 57344K, used 14886K [0x00000000c8a00000, 0x0000000100000000)
  region size 1024K, 6 young (6144K), 2 survivors (2048K)
 Metaspace       used 6904K, committed 7104K, reserved 1114112K
  class space    used 727K, committed 832K, reserved 1048576K

Heap Regions: E=young(eden), S=young(survivor), O=old, HS=humongous(starts), HC=humongous(continues), CS=collection set, F=free, OA=open archive, CA=closed archive, TAMS=top-at-mark-start (previous, next)
|   0|0x00000000c8a00000, 0x00000000c8b00000, 0x00000000c8b00000|100%|HS|  |TAMS 0x00000000c8a00000, 0x00000000c8a00000| Complete 
|   1|0x00000000c8b00000, 0x00000000c8c00000, 0x00000000c8c00000|100%|HC|  |TAMS 0x00000000c8b00000, 0x00000000c8b00000| Complete 
|   2|0x00000000c8c00000, 0x00000000c8d00000, 0x00000000c8d00000|100%|HC|  |TAMS 0x00000000c8c00000, 0x00000000c8c00000| Complete 
|   3|0x00000000c8d00000, 0x00000000c8e00000, 0x00000000c8e00000|100%|HC|  |TAMS 0x00000000c8d00000, 0x00000000c8d00000| Complete 
|   4|0x00000000c8e00000, 0x00000000c8f00000, 0x00000000c8f00000|100%| O|  |TAMS 0x00000000c8e00000, 0x00000000c8e00000| Untracked 
|   5|0x00000000c8f00000, 0x00000000c9000000, 0x00000000c9000000|100%| O|  |TAMS 0x00000000c8f00000, 0x00000000c8f00000| Untracked 
|   6|0x00000000c9000000, 0x00000000c9079600, 0x00000000c9100000| 47%| O|  |TAMS 0x00000000c9000000, 0x00000000c9000000| Untracked 
|   7|0x00000000c9100000, 0x00000000c9200000, 0x00000000c9200000|100%|HS|  |TAMS 0x00000000c9100000, 0x00000000c9100000| Complete 
|   8|0x00000000c9200000, 0x00000000c9300000, 0x00000000c9300000|100%|HC|  |TAMS 0x00000000c9200000, 0x00000000c9200000| Complete 
|   9|0x00000000c9300000, 0x00000000c9400000, 0x00000000c9400000|100%|HC|  |TAMS 0x00000000c9300000, 0x00000000c9300000| Complete 
|  10|0x00000000c9400000, 0x00000000c9500000, 0x00000000c9500000|100%|HC|  |TAMS 0x00000000c9400000, 0x00000000c9400000| Complete 
|  11|0x00000000c9500000, 0x00000000c9500000, 0x00000000c9600000|  0%| F|  |TAMS 0x00000000c9500000, 0x00000000c9500000| Untracked 
|  12|0x00000000c9600000, 0x00000000c9600000, 0x00000000c9700000|  0%| F|  |TAMS 0x00000000c9600000, 0x00000000c9600000| Untracked 
|  13|0x00000000c9700000, 0x00000000c9700000, 0x00000000c9800000|  0%| F|  |TAMS 0x00000000c9700000, 0x00000000c9700000| Untracked 
|  14|0x00000000c9800000, 0x00000000c9800000, 0x00000000c9900000|  0%| F|  |TAMS 0x00000000c9800000, 0x00000000c9800000| Untracked 
|  15|0x00000000c9900000, 0x00000000c9900000, 0x00000000c9a00000|  0%| F|  |TAMS 0x00000000c9900000, 0x00000000c9900000| Untracked 
|  16|0x00000000c9a00000, 0x00000000c9a00000, 0x00000000c9b00000|  0%| F|  |TAMS 0x00000000c9a00000, 0x00000000c9a00000| Untracked 
|  17|0x00000000c9b00000, 0x00000000c9b00000, 0x00000000c9c00000|  0%| F|  |TAMS 0x00000000c9b00000, 0x00000000c9b00000| Untracked 
|  18|0x00000000c9c00000, 0x00000000c9c00000, 0x00000000c9d00000|  0%| F|  |TAMS 0x00000000c9c00000, 0x00000000c9c00000| Untracked 
|  19|0x00000000c9d00000, 0x00000000c9d00000, 0x00000000c9e00000|  0%| F|  |TAMS 0x00000000c9d00000, 0x00000000c9d00000| Untracked 
|  20|0x00000000c9e00000, 0x00000000c9e00000, 0x00000000c9f00000|  0%| F|  |TAMS 0x00000000c9e00000, 0x00000000c9e00000| Untracked 
|  21|0x00000000c9f00000, 0x00000000c9f00000, 0x00000000ca000000|  0%| F|  |TAMS 0x00000000c9f00000, 0x00000000c9f00000| Untracked 
|  22|0x00000000ca000000, 0x00000000ca000000, 0x00000000ca100000|  0%| F|  |TAMS 0x00000000ca000000, 0x00000000ca000000| Untracked 
|  23|0x00000000ca100000, 0x00000000ca100000, 0x00000000ca200000|  0%| F|  |TAMS 0x00000000ca100000, 0x00000000ca100000| Untracked 
|  24|0x00000000ca200000, 0x00000000ca200000, 0x00000000ca300000|  0%| F|  |TAMS 0x00000000ca200000, 0x00000000ca200000| Untracked 
|  25|0x00000000ca300000, 0x00000000ca300000, 0x00000000ca400000|  0%| F|  |TAMS 0x00000000ca300000, 0x00000000ca300000| Untracked 
|  26|0x00000000ca400000, 0x00000000ca400000, 0x00000000ca500000|  0%| F|  |TAMS 0x00000000ca400000, 0x00000000ca400000| Untracked 
|  27|0x00000000ca500000, 0x00000000ca500000, 0x00000000ca600000|  0%| F|  |TAMS 0x00000000ca500000, 0x00000000ca500000| Untracked 
|  28|0x00000000ca600000, 0x00000000ca600000, 0x00000000ca700000|  0%| F|  |TAMS 0x00000000ca600000, 0x00000000ca600000| Untracked 
|  29|0x00000000ca700000, 0x00000000ca700000, 0x00000000ca800000|  0%| F|  |TAMS 0x00000000ca700000, 0x00000000ca700000| Untracked 
|  30|0x00000000ca800000, 0x00000000ca800000, 0x00000000ca900000|  0%| F|  |TAMS 0x00000000ca800000, 0x00000000ca800000| Untracked 
|  31|0x00000000ca900000, 0x00000000ca900000, 0x00000000caa00000|  0%| F|  |TAMS 0x00000000ca900000, 0x00000000ca900000| Untracked 
|  32|0x00000000caa00000, 0x00000000caa00000, 0x00000000cab00000|  0%| F|  |TAMS 0x00000000caa00000, 0x00000000caa00000| Untracked 
|  33|0x00000000cab00000, 0x00000000cab00000, 0x00000000cac00000|  0%| F|  |TAMS 0x00000000cab00000, 0x00000000cab00000| Untracked 
|  34|0x00000000cac00000, 0x00000000cac00000, 0x00000000cad00000|  0%| F|  |TAMS 0x00000000cac00000, 0x00000000cac00000| Untracked 
|  35|0x00000000cad00000, 0x00000000cad00000, 0x00000000cae00000|  0%| F|  |TAMS 0x00000000cad00000, 0x00000000cad00000| Untracked 
|  36|0x00000000cae00000, 0x00000000cae00000, 0x00000000caf00000|  0%| F|  |TAMS 0x00000000cae00000, 0x00000000cae00000| Untracked 
|  37|0x00000000caf00000, 0x00000000caf00000, 0x00000000cb000000|  0%| F|  |TAMS 0x00000000caf00000, 0x00000000caf00000| Untracked 
|  38|0x00000000cb000000, 0x00000000cb000000, 0x00000000cb100000|  0%| F|  |TAMS 0x00000000cb000000, 0x00000000cb000000| Untracked 
|  39|0x00000000cb100000, 0x00000000cb100000, 0x00000000cb200000|  0%| F|  |TAMS 0x00000000cb100000, 0x00000000cb100000| Untracked 
|  40|0x00000000cb200000, 0x00000000cb200000, 0x00000000cb300000|  0%| F|  |TAMS 0x00000000cb200000, 0x00000000cb200000| Untracked 
|  41|0x00000000cb300000, 0x00000000cb300000, 0x00000000cb400000|  0%| F|  |TAMS 0x00000000cb300000, 0x00000000cb300000| Untracked 
|  42|0x00000000cb400000, 0x00000000cb400000, 0x00000000cb500000|  0%| F|  |TAMS 0x00000000cb400000, 0x00000000cb400000| Untracked 
|  43|0x00000000cb500000, 0x00000000cb5105d8, 0x00000000cb600000|  6%| S|CS|TAMS 0x00000000cb500000, 0x00000000cb500000| Complete 
|  44|0x00000000cb600000, 0x00000000cb700000, 0x00000000cb700000|100%| S|CS|TAMS 0x00000000cb600000, 0x00000000cb600000| Complete 
|  45|0x00000000cb700000, 0x00000000cb700000, 0x00000000cb800000|  0%| F|  |TAMS 0x00000000cb700000, 0x00000000cb700000| Untracked 
|  46|0x00000000cb800000, 0x00000000cb800000, 0x00000000cb900000|  0%| F|  |TAMS 0x00000000cb800000, 0x00000000cb800000| Untracked 
|  47|0x00000000cb900000, 0x00000000cb900000, 0x00000000cba00000|  0%| F|  |TAMS 0x00000000cb900000, 0x00000000cb900000| Untracked 
|  48|0x00000000cba00000, 0x00000000cba00000, 0x00000000cbb00000|  0%| F|  |TAMS 0x00000000cba00000, 0x00000000cba00000| Untracked 
|  49|0x00000000cbb00000, 0x00000000cbb00000, 0x00000000cbc00000|  0%| F|  |TAMS 0x00000000cbb00000, 0x00000000cbb00000| Untracked 
|  50|0x00000000cbc00000, 0x00000000cbc00000, 0x00000000cbd00000|  0%| F|  |TAMS 0x00000000cbc00000, 0x00000000cbc00000| Untracked 
|  51|0x00000000cbd00000, 0x00000000cbd00000, 0x00000000cbe00000|  0%| F|  |TAMS 0x00000000cbd00000, 0x00000000cbd00000| Untracked 
|  52|0x00000000cbe00000, 0x00000000cbed87b8, 0x00000000cbf00000| 84%| E|  |TAMS 0x00000000cbe00000, 0x00000000cbe00000| Complete 
|  53|0x00000000cbf00000, 0x00000000cc000000, 0x00000000cc000000|100%| E|CS|TAMS 0x00000000cbf00000, 0x00000000cbf00000| Complete 
|  54|0x00000000cc000000, 0x00000000cc100000, 0x00000000cc100000|100%| E|CS|TAMS 0x00000000cc000000, 0x00000000cc000000| Complete 
|  55|0x00000000cc100000, 0x00000000cc200000, 0x00000000cc200000|100%| E|CS|TAMS 0x00000000cc100000, 0x00000000cc100000| Complete 

Card table byte_map: [0x000001f240590000,0x000001f240750000] _byte_map_base: 0x000001f23ff4b000

Marking Bits (Prev, Next): (CMBitMap*) 0x000001f24082b3f0, (CMBitMap*) 0x000001f24082b430
 Prev Bits: [0x000001f257260000, 0x000001f258038000)
 Next Bits: [0x000001f258040000, 0x000001f258e18000)

Polling page: 0x000001f23e790000

Metaspace:

Usage:
  Non-class:      6.07 MB used.
      Class:    729.98 KB used.
       Both:      6.78 MB used.

Virtual space:
  Non-class space:       64.00 MB reserved,       6.12 MB ( 10%) committed,  1 nodes.
      Class space:        1.00 GB reserved,     832.00 KB ( <1%) committed,  1 nodes.
             Both:        1.06 GB reserved,       6.94 MB ( <1%) committed. 

Chunk freelists:
   Non-Class:  9.00 MB
       Class:  15.24 MB
        Both:  24.24 MB

MaxMetaspaceSize: unlimited
CompressedClassSpaceSize: 1.00 GB
Initial GC threshold: 21.00 MB
Current GC threshold: 21.00 MB
CDS: on
MetaspaceReclaimPolicy: balanced
 - commit_granule_bytes: 65536.
 - commit_granule_words: 8192.
 - virtual_space_node_default_size: 8388608.
 - enlarge_chunks_in_place: 1.
 - new_chunks_are_fully_committed: 0.
 - uncommit_free_chunks: 1.
 - use_allocation_guard: 0.
 - handle_deallocations: 1.


Internal statistics:

num_allocs_failed_limit: 0.
num_arena_births: 118.
num_arena_deaths: 0.
num_vsnodes_births: 2.
num_vsnodes_deaths: 0.
num_space_committed: 111.
num_space_uncommitted: 0.
num_chunks_returned_to_freelist: 0.
num_chunks_taken_from_freelist: 167.
num_chunk_merges: 0.
num_chunk_splits: 89.
num_chunks_enlarged: 21.
num_inconsistent_stats: 0.

CodeHeap 'non-profiled nmethods': size=120064Kb used=316Kb max_used=316Kb free=119748Kb
 bounds [0x000001f24fb60000, 0x000001f24fdd0000, 0x000001f2570a0000]
CodeHeap 'profiled nmethods': size=120000Kb used=2051Kb max_used=2051Kb free=117948Kb
 bounds [0x000001f2480a0000, 0x000001f248310000, 0x000001f24f5d0000]
CodeHeap 'non-nmethods': size=5696Kb used=1266Kb max_used=1281Kb free=4429Kb
 bounds [0x000001f24f5d0000, 0x000001f24f840000, 0x000001f24fb60000]
 total_blobs=1783 nmethods=1193 adapters=504
 compilation: enabled
              stopped_count=0, restarted_count=0
 full_count=0

Compilation events (20 events):
Event: 17.387 Thread 0x000001f25b1356c0 1177       4       sun.nio.cs.UnicodeDecoder::decode (24 bytes)
Event: 17.388 Thread 0x000001f25b1356c0 nmethod 1177 0x000001f24fbadb10 code [0x000001f24fbadc80, 0x000001f24fbadd38]
Event: 17.390 Thread 0x000001f25b1356c0 1178       4       java.nio.Buffer::hasRemaining (17 bytes)
Event: 17.390 Thread 0x000001f25b1470b0 nmethod 1175 0x000001f248295990 code [0x000001f248295d00, 0x000001f248297778]
Event: 17.391 Thread 0x000001f25b1356c0 nmethod 1178 0x000001f24fbade10 code [0x000001f24fbadf80, 0x000001f24fbae018]
Event: 17.392 Thread 0x000001f25b1470b0 1179       3       java.util.HashSet::toArray (16 bytes)
Event: 17.392 Thread 0x000001f25b1470b0 nmethod 1179 0x000001f248297f10 code [0x000001f2482980c0, 0x000001f2482982d8]
Event: 17.393 Thread 0x000001f25b1470b0 1180       3       java.util.HashMap::prepareArray (38 bytes)
Event: 17.394 Thread 0x000001f25b1470b0 nmethod 1180 0x000001f248298390 code [0x000001f248298580, 0x000001f248298b98]
Event: 17.397 Thread 0x000001f25b1356c0 1181   !   4       sun.font.TrueTypeFont::getTableBuffer (215 bytes)
Event: 17.443 Thread 0x000001f25b1470b0 1183       3       java.lang.StringUTF16::newBytesFor (61 bytes)
Event: 17.446 Thread 0x000001f25b1470b0 nmethod 1183 0x000001f248298d90 code [0x000001f248299000, 0x000001f2482998e8]
Event: 17.452 Thread 0x000001f25b1470b0 1184       1       sun.java2d.SurfaceData::isValid (5 bytes)
Event: 17.453 Thread 0x000001f25b1470b0 nmethod 1184 0x000001f24fbae110 code [0x000001f24fbae2a0, 0x000001f24fbae378]
Event: 17.643 Thread 0x000001f25b1470b0 1186   !   3       sun.font.TrueTypeFont::getAllFullNames (30 bytes)
Event: 17.645 Thread 0x000001f25b1470b0 nmethod 1186 0x000001f248299c10 code [0x000001f248299e20, 0x000001f24829a708]
Event: 17.645 Thread 0x000001f25b1470b0 1188  s    3       sun.font.FontFamily::addLocaleNames (45 bytes)
Event: 17.647 Thread 0x000001f25b1470b0 nmethod 1188 0x000001f24829aa10 code [0x000001f24829ac40, 0x000001f24829b4c8]
Event: 17.647 Thread 0x000001f25b1470b0 1187   !   3       sun.font.TrueTypeFont::getAllFamilyNames (30 bytes)
Event: 17.649 Thread 0x000001f25b1470b0 nmethod 1187 0x000001f24829b790 code [0x000001f24829b9a0, 0x000001f24829c288]

GC Heap History (6 events):
Event: 3.391 GC heap before
{Heap before GC invocations=0 (full 0):
 garbage-first heap   total 57344K, used 10240K [0x00000000c8a00000, 0x0000000100000000)
  region size 1024K, 6 young (6144K), 0 survivors (0K)
 Metaspace       used 4614K, committed 4736K, reserved 1114112K
  class space    used 478K, committed 512K, reserved 1048576K
}
Event: 3.407 GC heap after
{Heap after GC invocations=1 (full 0):
 garbage-first heap   total 57344K, used 6497K [0x00000000c8a00000, 0x0000000100000000)
  region size 1024K, 1 young (1024K), 1 survivors (1024K)
 Metaspace       used 4614K, committed 4736K, reserved 1114112K
  class space    used 478K, committed 512K, reserved 1048576K
}
Event: 3.484 GC heap before
{Heap before GC invocations=1 (full 0):
 garbage-first heap   total 57344K, used 10593K [0x00000000c8a00000, 0x0000000100000000)
  region size 1024K, 5 young (5120K), 1 survivors (1024K)
 Metaspace       used 4636K, committed 4736K, reserved 1114112K
  class space    used 478K, committed 512K, reserved 1048576K
}
Event: 3.492 GC heap after
{Heap after GC invocations=2 (full 0):
 garbage-first heap   total 57344K, used 6804K [0x00000000c8a00000, 0x0000000100000000)
  region size 1024K, 1 young (1024K), 1 survivors (1024K)
 Metaspace       used 4636K, committed 4736K, reserved 1114112K
  class space    used 478K, committed 512K, reserved 1048576K
}
Event: 17.401 GC heap before
{Heap before GC invocations=2 (full 0):
 garbage-first heap   total 57344K, used 20116K [0x00000000c8a00000, 0x0000000100000000)
  region size 1024K, 11 young (11264K), 1 survivors (1024K)
 Metaspace       used 6836K, committed 7040K, reserved 1114112K
  class space    used 719K, committed 832K, reserved 1048576K
}
Event: 17.410 GC heap after
{Heap after GC invocations=3 (full 0):
 garbage-first heap   total 57344K, used 11814K [0x00000000c8a00000, 0x0000000100000000)
  region size 1024K, 2 young (2048K), 2 survivors (2048K)
 Metaspace       used 6836K, committed 7040K, reserved 1114112K
  class space    used 719K, committed 832K, reserved 1048576K
}

Deoptimization events (20 events):
Event: 4.879 Thread 0x000001f2407f0af0 DEOPT PACKING pc=0x000001f24fb8df74 sp=0x0000008e0eefcc00
Event: 4.879 Thread 0x000001f2407f0af0 DEOPT UNPACKING pc=0x000001f24f6223a3 sp=0x0000008e0eefcb28 mode 2
Event: 4.879 Thread 0x000001f2407f0af0 Uncommon trap: trap_request=0xffffffc6 fr.pc=0x000001f24fb8df74 relative=0x0000000000000974
Event: 4.879 Thread 0x000001f2407f0af0 Uncommon trap: reason=bimorphic_or_optimized_type_check action=maybe_recompile pc=0x000001f24fb8df74 method=java.util.HashMap.putVal(ILjava/lang/Object;Ljava/lang/Object;ZZ)Ljava/lang/Object; @ 152 c2
Event: 4.879 Thread 0x000001f2407f0af0 DEOPT PACKING pc=0x000001f24fb8df74 sp=0x0000008e0eefcc00
Event: 4.879 Thread 0x000001f2407f0af0 DEOPT UNPACKING pc=0x000001f24f6223a3 sp=0x0000008e0eefcb28 mode 2
Event: 6.155 Thread 0x000001f2a3205f40 Uncommon trap: trap_request=0xffffffde fr.pc=0x000001f24fb8ca38 relative=0x0000000000000378
Event: 6.155 Thread 0x000001f2a3205f40 Uncommon trap: reason=class_check action=maybe_recompile pc=0x000001f24fb8ca38 method=java.util.HashMap.getNode(Ljava/lang/Object;)Ljava/util/HashMap$Node; @ 63 c2
Event: 6.155 Thread 0x000001f2a3205f40 DEOPT PACKING pc=0x000001f24fb8ca38 sp=0x0000008e10dfd7a0
Event: 6.155 Thread 0x000001f2a3205f40 DEOPT UNPACKING pc=0x000001f24f6223a3 sp=0x0000008e10dfd718 mode 2
Event: 6.589 Thread 0x000001f2a3205f40 DEOPT PACKING pc=0x000001f248200862 sp=0x0000008e10dfd340
Event: 6.589 Thread 0x000001f2a3205f40 DEOPT UNPACKING pc=0x000001f24f622b43 sp=0x0000008e10dfc7c8 mode 0
Event: 17.223 Thread 0x000001f2a3205f40 Uncommon trap: trap_request=0xffffff45 fr.pc=0x000001f24fb6a8ac relative=0x00000000000001ac
Event: 17.223 Thread 0x000001f2a3205f40 Uncommon trap: reason=unstable_if action=reinterpret pc=0x000001f24fb6a8ac method=java.lang.String.isLatin1()Z @ 10 c2
Event: 17.223 Thread 0x000001f2a3205f40 DEOPT PACKING pc=0x000001f24fb6a8ac sp=0x0000008e10dfd0f0
Event: 17.223 Thread 0x000001f2a3205f40 DEOPT UNPACKING pc=0x000001f24f6223a3 sp=0x0000008e10dfd020 mode 2
Event: 17.382 Thread 0x000001f2a3205f40 Uncommon trap: trap_request=0xffffff45 fr.pc=0x000001f24fbacef8 relative=0x0000000000000338
Event: 17.382 Thread 0x000001f2a3205f40 Uncommon trap: reason=unstable_if action=reinterpret pc=0x000001f24fbacef8 method=java.lang.Character.isSurrogate(C)Z @ 3 c2
Event: 17.382 Thread 0x000001f2a3205f40 DEOPT PACKING pc=0x000001f24fbacef8 sp=0x0000008e10dfcde0
Event: 17.383 Thread 0x000001f2a3205f40 DEOPT UNPACKING pc=0x000001f24f6223a3 sp=0x0000008e10dfcd08 mode 2

Classes unloaded (0 events):
No events

Classes redefined (0 events):
No events

Internal exceptions (17 events):
Event: 0.543 Thread 0x000001f2407f0af0 Exception <a 'sun/nio/fs/WindowsException'{0x00000000cc1f37f8}> (0x00000000cc1f37f8) 
thrown [s\open\src\hotspot\share\prims\jni.cpp, line 516]
Event: 0.545 Thread 0x000001f2407f0af0 Exception <a 'sun/nio/fs/WindowsException'{0x00000000cc1f3d58}> (0x00000000cc1f3d58) 
thrown [s\open\src\hotspot\share\prims\jni.cpp, line 516]
Event: 0.552 Thread 0x000001f2407f0af0 Exception <a 'sun/nio/fs/WindowsException'{0x00000000cc1f6168}> (0x00000000cc1f6168) 
thrown [s\open\src\hotspot\share\prims\jni.cpp, line 516]
Event: 0.571 Thread 0x000001f2407f0af0 Exception <a 'sun/nio/fs/WindowsException'{0x00000000cc1f6c58}> (0x00000000cc1f6c58) 
thrown [s\open\src\hotspot\share\prims\jni.cpp, line 516]
Event: 0.913 Thread 0x000001f2407f0af0 Exception <a 'java/lang/ClassNotFoundException'{0x00000000cc0c5988}: sun/awt/resources/spi/awtProvider> (0x00000000cc0c5988) 
thrown [s\open\src\hotspot\share\classfile\systemDictionary.cpp, line 256]
Event: 1.081 Thread 0x000001f2407f0af0 Exception <a 'java/io/FileNotFoundException'{0x00000000cbf18918}> (0x00000000cbf18918) 
thrown [s\open\src\hotspot\share\prims\jni.cpp, line 516]
Event: 1.466 Thread 0x000001f2407f0af0 Exception <a 'java/io/FileNotFoundException'{0x00000000cbf45cb0}> (0x00000000cbf45cb0) 
thrown [s\open\src\hotspot\share\prims\jni.cpp, line 516]
Event: 1.751 Thread 0x000001f2407f0af0 Exception <a 'java/lang/NoSuchMethodError'{0x00000000cbf8a5e0}: 'java.lang.Object java.lang.invoke.DirectMethodHandle$Holder.invokeStaticInit(java.lang.Object)'> (0x00000000cbf8a5e0) 
thrown [s\open\src\hotspot\share\interpreter\linkResolver.cpp, line 759]
Event: 2.309 Thread 0x000001f2407f0af0 Exception <a 'java/lang/NoSuchMethodError'{0x00000000cbff3cd8}: 'void java.lang.invoke.DirectMethodHandle$Holder.invokeSpecial(java.lang.Object, java.lang.Object, java.lang.Object)'> (0x00000000cbff3cd8) 
thrown [s\open\src\hotspot\share\interpreter\linkResolver.cpp, line 759]
Event: 2.359 Thread 0x000001f2407f0af0 Exception <a 'java/lang/NoSuchMethodError'{0x00000000cbe1e600}: 'java.lang.Object java.lang.invoke.DirectMethodHandle$Holder.newInvokeSpecial(java.lang.Object, java.lang.Object, java.lang.Object, java.lang.Object, java.lang.Object)'> (0x00000000cbe1e600) 
thrown [s\open\src\hotspot\share\interpreter\linkResolver.cpp, line 759]
Event: 2.370 Thread 0x000001f2407f0af0 Exception <a 'java/lang/NoSuchMethodError'{0x00000000cbe2a530}: 'java.lang.Object java.lang.invoke.DirectMethodHandle$Holder.invokeStatic(java.lang.Object, int, java.lang.Object, java.lang.Object, java.lang.Object, java.lang.Object)'> (0x00000000cbe2a530) 
thrown [s\open\src\hotspot\share\interpreter\linkResolver.cpp, line 759]
Event: 2.399 Thread 0x000001f2407f0af0 Exception <a 'java/lang/NoSuchMethodError'{0x00000000cbe50000}: 'java.lang.Object java.lang.invoke.DirectMethodHandle$Holder.invokeStatic(java.lang.Object, int, java.lang.Object)'> (0x00000000cbe50000) 
thrown [s\open\src\hotspot\share\interpreter\linkResolver.cpp, line 759]
Event: 2.563 Thread 0x000001f2407f0af0 Exception <a 'java/lang/ClassNotFoundException'{0x00000000cbd08df8}: com/sun/swing/internal/plaf/metal/resources/spi/metalProvider> (0x00000000cbd08df8) 
thrown [s\open\src\hotspot\share\classfile\systemDictionary.cpp, line 256]
Event: 2.566 Thread 0x000001f2407f0af0 Exception <a 'java/lang/ClassNotFoundException'{0x00000000cbd0cc50}: com/sun/swing/internal/plaf/basic/resources/spi/basicProvider> (0x00000000cbd0cc50) 
thrown [s\open\src\hotspot\share\classfile\systemDictionary.cpp, line 256]
Event: 3.212 Thread 0x000001f2a31a2010 Exception <a 'java/lang/NoSuchMethodError'{0x00000000cbcb8560}: 'java.lang.Object java.lang.invoke.DirectMethodHandle$Holder.newInvokeSpecial(java.lang.Object, java.lang.Object, java.lang.Object, int, int, int, int, int)'> (0x00000000cbcb8560) 
thrown [s\open\src\hotspot\share\interpreter\linkResolver.cpp, line 759]
Event: 3.832 Thread 0x000001f25b57c340 Exception <a 'java/lang/NoSuchMethodError'{0x00000000cbe96c10}: 'void java.lang.invoke.DirectMethodHandle$Holder.invokeVirtual(java.lang.Object, java.lang.Object)'> (0x00000000cbe96c10) 
thrown [s\open\src\hotspot\share\interpreter\linkResolver.cpp, line 759]
Event: 4.072 Thread 0x000001f2407f0af0 Exception <a 'java/lang/NoSuchMethodError'{0x00000000cbebb830}: 'void java.lang.invoke.DirectMethodHandle$Holder.invokeStaticInit(java.lang.Object)'> (0x00000000cbebb830) 
thrown [s\open\src\hotspot\share\interpreter\linkResolver.cpp, line 759]

VM Operations (20 events):
Event: 8.378 Executing VM operation: Cleanup
Event: 8.378 Executing VM operation: Cleanup done
Event: 9.380 Executing VM operation: Cleanup
Event: 9.380 Executing VM operation: Cleanup done
Event: 10.384 Executing VM operation: Cleanup
Event: 10.384 Executing VM operation: Cleanup done
Event: 11.393 Executing VM operation: Cleanup
Event: 11.394 Executing VM operation: Cleanup done
Event: 12.407 Executing VM operation: Cleanup
Event: 12.408 Executing VM operation: Cleanup done
Event: 13.421 Executing VM operation: Cleanup
Event: 13.421 Executing VM operation: Cleanup done
Event: 14.421 Executing VM operation: Cleanup
Event: 14.422 Executing VM operation: Cleanup done
Event: 15.433 Executing VM operation: Cleanup
Event: 15.433 Executing VM operation: Cleanup done
Event: 16.443 Executing VM operation: Cleanup
Event: 16.443 Executing VM operation: Cleanup done
Event: 17.401 Executing VM operation: G1CollectForAllocation
Event: 17.410 Executing VM operation: G1CollectForAllocation done

Events (20 events):
Event: 6.106 loading class sun/java2d/loops/GraphicsPrimitiveMgr$PrimitiveSpec done
Event: 6.115 loading class sun/java2d/loops/DrawGlyphListColor
Event: 6.115 loading class sun/java2d/loops/DrawGlyphListColor done
Event: 6.116 loading class sun/java2d/loops/DrawGlyphListColor$General
Event: 6.116 loading class sun/java2d/loops/DrawGlyphListColor$General done
Event: 6.116 loading class sun/java2d/loops/Blit$GeneralMaskBlit
Event: 6.117 loading class sun/java2d/loops/Blit$GeneralMaskBlit done
Event: 6.117 loading class sun/java2d/d3d/D3DSurfaceDataProxy
Event: 6.117 loading class sun/java2d/d3d/D3DSurfaceDataProxy done
Event: 6.156 loading class sun/font/SunFontManager$FamilyDescription
Event: 6.182 loading class sun/font/SunFontManager$FamilyDescription done
Event: 6.514 loading class sun/font/SunFontManager$4
Event: 6.514 loading class sun/font/SunFontManager$4 done
Event: 7.480 loading class sun/font/SunFontManager$9
Event: 7.481 loading class sun/font/SunFontManager$9 done
Event: 7.542 loading class sun/font/SunFontManager$10
Event: 7.542 loading class sun/font/SunFontManager$10 done
Event: 8.648 Thread 0x000001f2a31a2010 Thread exited: 0x000001f2a31a2010
Event: 17.225 loading class jdk/internal/access/foreign/MemorySegmentProxy
Event: 17.236 loading class jdk/internal/access/foreign/MemorySegmentProxy done


Dynamic libraries:
0x00007ff7e8800000 - 0x00007ff7e8810000 	C:\Program Files\Java\jdk-17\bin\java.exe
0x00007ff910550000 - 0x00007ff910748000 	C:\WINDOWS\SYSTEM32\ntdll.dll
0x00007ff8fe4e0000 - 0x00007ff8fe4f9000 	C:\Program Files\AVG\Antivirus\aswhook.dll
0x00007ff90f2f0000 - 0x00007ff90f3ad000 	C:\WINDOWS\System32\KERNEL32.DLL
0x00007ff90e170000 - 0x00007ff90e442000 	C:\WINDOWS\System32\KERNELBASE.dll
0x00007ff90e480000 - 0x00007ff90e580000 	C:\WINDOWS\System32\ucrtbase.dll
0x00007ff8f3a00000 - 0x00007ff8f3a1b000 	C:\Program Files\Java\jdk-17\bin\VCRUNTIME140.dll
0x00007ff8efbe0000 - 0x00007ff8efbf9000 	C:\Program Files\Java\jdk-17\bin\jli.dll
0x00007ff910460000 - 0x00007ff91050e000 	C:\WINDOWS\System32\ADVAPI32.dll
0x00007ff90e6e0000 - 0x00007ff90e77e000 	C:\WINDOWS\System32\msvcrt.dll
0x00007ff910030000 - 0x00007ff9100cc000 	C:\WINDOWS\System32\sechost.dll
0x00007ff90e5b0000 - 0x00007ff90e6d5000 	C:\WINDOWS\System32\RPCRT4.dll
0x00007ff90fe90000 - 0x00007ff91002d000 	C:\WINDOWS\System32\USER32.dll
0x00007ff907130000 - 0x00007ff9073ca000 	C:\WINDOWS\WinSxS\amd64_microsoft.windows.common-controls_6595b64144ccf1df_6.0.19041.1110_none_60b5254171f9507e\COMCTL32.dll
0x00007ff90e450000 - 0x00007ff90e472000 	C:\WINDOWS\System32\win32u.dll
0x00007ff90e7e0000 - 0x00007ff90e80b000 	C:\WINDOWS\System32\GDI32.dll
0x00007ff90dfc0000 - 0x00007ff90e0cf000 	C:\WINDOWS\System32\gdi32full.dll
0x00007ff90e0d0000 - 0x00007ff90e16d000 	C:\WINDOWS\System32\msvcp_win.dll
0x00007ff906530000 - 0x00007ff90653a000 	C:\WINDOWS\SYSTEM32\VERSION.dll
0x00007ff910130000 - 0x00007ff910160000 	C:\WINDOWS\System32\IMM32.DLL
0x00007ff9087d0000 - 0x00007ff9087dc000 	C:\Program Files\Java\jdk-17\bin\vcruntime140_1.dll
0x00007ff8e8a90000 - 0x00007ff8e8b1e000 	C:\Program Files\Java\jdk-17\bin\msvcp140.dll
0x00007ff8da4b0000 - 0x00007ff8db091000 	C:\Program Files\Java\jdk-17\bin\server\jvm.dll
0x00007ff90fe80000 - 0x00007ff90fe88000 	C:\WINDOWS\System32\PSAPI.DLL
0x00007ff909750000 - 0x00007ff909759000 	C:\WINDOWS\SYSTEM32\WSOCK32.dll
0x00007ff903ca0000 - 0x00007ff903cc7000 	C:\WINDOWS\SYSTEM32\WINMM.dll
0x00007ff90ed70000 - 0x00007ff90eddb000 	C:\WINDOWS\System32\WS2_32.dll
0x00007ff90bb20000 - 0x00007ff90bb32000 	C:\WINDOWS\SYSTEM32\kernel.appcore.dll
0x00007ff8feca0000 - 0x00007ff8fecaa000 	C:\Program Files\Java\jdk-17\bin\jimage.dll
0x00007ff904830000 - 0x00007ff904a14000 	C:\WINDOWS\SYSTEM32\DBGHELP.DLL
0x00007ff9040d0000 - 0x00007ff9040fc000 	C:\WINDOWS\SYSTEM32\dbgcore.DLL
0x00007ff90dd20000 - 0x00007ff90dda2000 	C:\WINDOWS\System32\bcryptPrimitives.dll
0x00007ff8f2140000 - 0x00007ff8f2165000 	C:\Program Files\Java\jdk-17\bin\java.dll
0x00007ff8e74e0000 - 0x00007ff8e75b7000 	C:\Program Files\Java\jdk-17\bin\jsvml.dll
0x00007ff90f3b0000 - 0x00007ff90faf3000 	C:\WINDOWS\System32\SHELL32.dll
0x00007ff90bd20000 - 0x00007ff90c4b1000 	C:\WINDOWS\SYSTEM32\windows.storage.dll
0x00007ff90e810000 - 0x00007ff90eb64000 	C:\WINDOWS\System32\combase.dll
0x00007ff90d650000 - 0x00007ff90d680000 	C:\WINDOWS\SYSTEM32\Wldp.dll
0x00007ff90fbc0000 - 0x00007ff90fc6d000 	C:\WINDOWS\System32\SHCORE.dll
0x00007ff9100d0000 - 0x00007ff910125000 	C:\WINDOWS\System32\shlwapi.dll
0x00007ff90dba0000 - 0x00007ff90dbbf000 	C:\WINDOWS\SYSTEM32\profapi.dll
0x00007ff8efd80000 - 0x00007ff8efd99000 	C:\Program Files\Java\jdk-17\bin\net.dll
0x00007ff9011e0000 - 0x00007ff9012ed000 	C:\WINDOWS\SYSTEM32\WINHTTP.dll
0x00007ff90d3b0000 - 0x00007ff90d41a000 	C:\WINDOWS\system32\mswsock.dll
0x00007ff8efb60000 - 0x00007ff8efb76000 	C:\Program Files\Java\jdk-17\bin\nio.dll
0x00007ff8ef560000 - 0x00007ff8ef578000 	C:\Program Files\Java\jdk-17\bin\zip.dll
0x00007ff8e5520000 - 0x00007ff8e56b1000 	C:\Program Files\Java\jdk-17\bin\awt.dll
0x00007ff910160000 - 0x00007ff91022d000 	C:\WINDOWS\System32\OLEAUT32.dll
0x00007ff90b530000 - 0x00007ff90b5c1000 	C:\WINDOWS\SYSTEM32\apphelp.dll
0x00007ff90ba10000 - 0x00007ff90ba3f000 	C:\WINDOWS\system32\DWMAPI.DLL
0x00007ff90b640000 - 0x00007ff90b6de000 	C:\WINDOWS\system32\uxtheme.dll
0x00007ff8e3630000 - 0x00007ff8e3757000 	C:\WINDOWS\system32\opengl32.dll
0x00007ff8ef340000 - 0x00007ff8ef36c000 	C:\WINDOWS\SYSTEM32\GLU32.dll
0x00007ff90eb70000 - 0x00007ff90ec85000 	C:\WINDOWS\System32\MSCTF.dll
0x00007ff90fc70000 - 0x00007ff90fd9a000 	C:\WINDOWS\System32\ole32.dll
0x00007ff8c00e0000 - 0x00007ff8c02af000 	C:\WINDOWS\system32\d3d9.dll
0x00007ff903dc0000 - 0x00007ff903f55000 	C:\WINDOWS\System32\DriverStore\FileRepository\c0319312.inf_amd64_1bd7dae294b3987b\aticfx64.dll
0x00007ff8f3b00000 - 0x00007ff8f3b32000 	C:\WINDOWS\System32\DriverStore\FileRepository\c0319312.inf_amd64_1bd7dae294b3987b\atiu9p64.dll
0x00007ff8d2350000 - 0x00007ff8d2c86000 	C:\WINDOWS\System32\DriverStore\FileRepository\c0319312.inf_amd64_1bd7dae294b3987b\atiumd64.dll
0x00000000533b0000 - 0x00000000541d7000 	C:\WINDOWS\System32\DriverStore\FileRepository\c0319312.inf_amd64_1bd7dae294b3987b\atiumd6a.dll
0x00007ff90da20000 - 0x00007ff90da6b000 	C:\WINDOWS\SYSTEM32\POWRPROF.dll
0x00007ff90da00000 - 0x00007ff90da12000 	C:\WINDOWS\SYSTEM32\UMPDC.dll
0x00007ff904690000 - 0x00007ff9046cb000 	C:\WINDOWS\SYSTEM32\dxcore.dll
0x00007ff90dc60000 - 0x00007ff90dcae000 	C:\WINDOWS\System32\cfgmgr32.dll
0x00007ff8fc310000 - 0x00007ff8fc33e000 	C:\Program Files\Java\jdk-17\bin\javajpeg.dll
0x00007ff8e6480000 - 0x00007ff8e6507000 	C:\Program Files\Java\jdk-17\bin\freetype.dll
0x00007ff8e3280000 - 0x00007ff8e3353000 	C:\Program Files\Java\jdk-17\bin\fontmanager.dll
0x00007ff904a90000 - 0x00007ff904b89000 	C:\WINDOWS\SYSTEM32\textinputframework.dll
0x00007ff90acd0000 - 0x00007ff90adc2000 	C:\WINDOWS\System32\CoreMessaging.dll
0x00007ff90a680000 - 0x00007ff90a9de000 	C:\WINDOWS\System32\CoreUIComponents.dll
0x00007ff90cd80000 - 0x00007ff90cdb3000 	C:\WINDOWS\SYSTEM32\ntmarta.dll
0x00007ff909f10000 - 0x00007ff90a064000 	C:\WINDOWS\SYSTEM32\wintypes.dll
0x00007ff8f2ab0000 - 0x00007ff8f2da5000 	C:\Windows\System32\uiautomationcore.dll
0x00007ff90abd0000 - 0x00007ff90acc6000 	C:\Windows\System32\PROPSYS.dll
0x00007ff90d5c0000 - 0x00007ff90d5cc000 	C:\WINDOWS\SYSTEM32\CRYPTBASE.DLL
0x00007ff8f61c0000 - 0x00007ff8f6226000 	C:\Windows\System32\OLEACC.dll
0x00007ff90fb00000 - 0x00007ff90fbaf000 	C:\WINDOWS\System32\clbcatq.dll

dbghelp: loaded successfully - version: 4.0.5 - missing functions: none
symbol engine: initialized successfully - sym options: 0x614 - pdb path: .;C:\Program Files\Java\jdk-17\bin;C:\WINDOWS\SYSTEM32;C:\Program Files\AVG\Antivirus;C:\WINDOWS\WinSxS\amd64_microsoft.windows.common-controls_6595b64144ccf1df_6.0.19041.1110_none_60b5254171f9507e;C:\Program Files\Java\jdk-17\bin\server;C:\WINDOWS\System32\DriverStore\FileRepository\c0319312.inf_amd64_1bd7dae294b3987b

VM Arguments:
jvm_args: -Dfile.encoding=UTF-8 --module-path=C:\Users\ajay\Documents\NetBeansProjects\ATM Simulator Machine\build\classes 
java_command: atm.simulator.machine.Transactions
java_class_path (initial): C:\Users\ajay\Downloads\jcalendar-tz-1.3.3-4.jar;C:\Users\ajay\Downloads\mysql-connector-java-8.0.28.jar;C:\Users\ajay\Documents\NetBeansProjects\ATM Simulator Machine\build\classes
Launcher Type: SUN_STANDARD

[Global flags]
     intx CICompilerCount                          = 2                                         {product} {ergonomic}
     uint ConcGCThreads                            = 1                                         {product} {ergonomic}
     uint G1ConcRefinementThreads                  = 2                                         {product} {ergonomic}
   size_t G1HeapRegionSize                         = 1048576                                   {product} {ergonomic}
    uintx GCDrainStackTargetSize                   = 64                                        {product} {ergonomic}
   size_t InitialHeapSize                          = 58720256                                  {product} {ergonomic}
   size_t MarkStackSize                            = 4194304                                   {product} {ergonomic}
   size_t MaxHeapSize                              = 929038336                                 {product} {ergonomic}
   size_t MaxNewSize                               = 556793856                                 {product} {ergonomic}
   size_t MinHeapDeltaBytes                        = 1048576                                   {product} {ergonomic}
   size_t MinHeapSize                              = 8388608                                   {product} {ergonomic}
    uintx NonNMethodCodeHeapSize                   = 5826188                                {pd product} {ergonomic}
    uintx NonProfiledCodeHeapSize                  = 122916026                              {pd product} {ergonomic}
    uintx ProfiledCodeHeapSize                     = 122916026                              {pd product} {ergonomic}
    uintx ReservedCodeCacheSize                    = 251658240                              {pd product} {ergonomic}
     bool SegmentedCodeCache                       = true                                      {product} {ergonomic}
   size_t SoftMaxHeapSize                          = 929038336                              {manageable} {ergonomic}
     bool UseCompressedClassPointers               = true                           {product lp64_product} {ergonomic}
     bool UseCompressedOops                        = true                           {product lp64_product} {ergonomic}
     bool UseG1GC                                  = true                                      {product} {ergonomic}
     bool UseLargePagesIndividualAllocation        = false                                  {pd product} {ergonomic}

Logging:
Log output configuration:
 #0: stdout all=warning uptime,level,tags
 #1: stderr all=off uptime,level,tags

Environment Variables:
JAVA_HOME=C:\Program Files\Java\jdk-19
PATH=C:\Program Files\Common Files\Oracle\Java\javapath;C:\oraclexe\app\oracle\product\11.2.0\server\bin;C:\Python310\Scripts\;C:\WINDOWS\system32;C:\WINDOWS;C:\WINDOWS\System32\Wbem;C:\WINDOWS\System32\WindowsPowerShell\v1.0\;C:\WINDOWS\System32\OpenSSH\;C:\Program Files (x86)\Git\cmd;C:\MinGW\bin;C:\Program Files\MySQL\MySQL Server 8.0\bin;C:\Program Files\Java\jdk-19\bin;C:\Program Files\MongoDB\Server\4.4\bin;C:\Program Files\Java\jdk-17\bin;C:\Program Files\nodejs\;C:\Program Files\MySQL\MySQL Shell 8.0\bin\;C:\Users\ajay\AppData\Local\Programs\Microsoft VS Code\bin;C:\Users\ajay\AppData\Roaming\npm
USERNAME=ajay
OS=Windows_NT
PROCESSOR_IDENTIFIER=AMD64 Family 22 Model 48 Stepping 1, AuthenticAMD



---------------  S Y S T E M  ---------------

OS:
 Windows 10 , 64 bit Build 19041 (10.0.19041.1889)
OS uptime: 17 days 2:56 hours

CPU: total 2 (initial active 2) (2 cores per cpu, 1 threads per core) family 22 model 48 stepping 1 microcode 0x0, cx8, cmov, fxsr, mmx, 3dnowpref, sse, sse2, sse3, ssse3, sse4a, sse4.1, sse4.2, popcnt, lzcnt, tsc, tscinvbit, avx, aes, clmul, bmi1, vzeroupper, clflush

Memory: 4k page, system-wide physical 3541M (231M free)
TotalPageFile size 15231M (AvailPageFile size 3M)
current process WorkingSet (physical memory assigned to process): 98M, peak: 98M
current process commit charge ("private bytes"): 167M, peak: 167M

vm_info: Java HotSpot(TM) 64-Bit Server VM (17.0.9+11-LTS-201) for windows-amd64 JRE (17.0.9+11-LTS-201), built on Oct 10 2023 23:16:06 by "mach5one" with MS VC++ 17.1 (VS2022)

END.
