#
# There is insufficient memory for the Java Runtime Environment to continue.
# Native memory allocation (mmap) failed to map 4303355904 bytes for G1 virtual space
# Possible reasons:
#   The system is out of physical RAM or swap space
#   The process is running with CompressedOops enabled, and the Java Heap may be blocking the growth of the native heap
# Possible solutions:
#   Reduce memory load on the system
#   Increase physical memory or swap space
#   Check if swap backing store is full
#   Decrease Java heap size (-Xmx/-Xms)
#   Decrease number of Java threads
#   Decrease Java thread stack sizes (-Xss)
#   Set larger code cache with -XX:ReservedCodeCacheSize=
#   JVM is running with Zero Based Compressed Oops mode in which the Java heap is
#     placed in the first 32GB address space. The Java Heap base address is the
#     maximum limit for the native heap growth. Please use -XX:HeapBaseMinAddress
#     to set the Java Heap base and to place the Java Heap above 32GB virtual address.
# This output file may be truncated or incomplete.
#
#  Out of Memory Error (os_windows.cpp:3552), pid=2380, tid=7376
#
# JRE version:  (17.0.9+11) (build )
# Java VM: Java HotSpot(TM) 64-Bit Server VM (17.0.9+11-LTS-201, mixed mode, sharing, tiered, compressed oops, compressed class ptrs, g1 gc, windows-amd64)
# No core dump will be written. Minidumps are not enabled by default on client versions of Windows
#

---------------  S U M M A R Y ------------

Command Line: -Dfile.encoding=UTF-8 -Xms4102m --module-path=C:\Users\ajay\Documents\NetBeansProjects\ATM Simulator Machine\build\classes atm.simulator.machine.Login

Host: AMD E1-7010 APU with AMD Radeon R2 Graphics    , 2 cores, 3G,  Windows 10 , 64 bit Build 19041 (10.0.19041.1889)
Time: Sat May 11 14:59:02 2024 India Standard Time elapsed time: 0.107047 seconds (0d 0h 0m 0s)

---------------  T H R E A D  ---------------

Current thread (0x000002e06eea0c10):  JavaThread "Unknown thread" [_thread_in_vm, id=7376, stack(0x000000fa3f800000,0x000000fa3f900000)]

Stack: [0x000000fa3f800000,0x000000fa3f900000]
Native frames: (J=compiled Java code, j=interpreted, Vv=VM code, C=native code)
V  [jvm.dll+0x678a4a]
V  [jvm.dll+0x7d9cfd]
V  [jvm.dll+0x7db60e]
V  [jvm.dll+0x7dbc73]
V  [jvm.dll+0x245e1f]
V  [jvm.dll+0x6758f9]
V  [jvm.dll+0x66a2a2]
V  [jvm.dll+0x303686]
V  [jvm.dll+0x30ac06]
V  [jvm.dll+0x35a48e]
V  [jvm.dll+0x35a6bf]
V  [jvm.dll+0x2da678]
V  [jvm.dll+0x2db5e4]
V  [jvm.dll+0x7ab6b1]
V  [jvm.dll+0x368041]
V  [jvm.dll+0x78a749]
V  [jvm.dll+0x3ebd4f]
V  [jvm.dll+0x3ed7d1]
C  [jli.dll+0x5297]
C  [ucrtbase.dll+0x21bb2]
C  [KERNEL32.DLL+0x17034]
C  [ntdll.dll+0x526a1]


---------------  P R O C E S S  ---------------

Threads class SMR info:
_java_thread_list=0x00007ffd72ae89d8, length=0, elements={
}

Java Threads: ( => current thread )

Other Threads:
  0x000002e06ef05c30 GCTaskThread "GC Thread#0" [stack: 0x000000fa3f900000,0x000000fa3fa00000] [id=2760]
  0x000002e06ef0fbd0 ConcurrentGCThread "G1 Main Marker" [stack: 0x000000fa3fa00000,0x000000fa3fb00000] [id=2668]
  0x000002e06ef105e0 ConcurrentGCThread "G1 Conc#0" [stack: 0x000000fa3fb00000,0x000000fa3fc00000] [id=2720]

[error occurred during error reporting (printing all threads), id 0xc0000005, EXCEPTION_ACCESS_VIOLATION (0xc0000005) at pc=0x00007ffd7231b2d7]

VM state: not at safepoint (not fully initialized)

VM Mutex/Monitor currently owned by a thread:  ([mutex/lock_event])
[0x000002e06ee9c2a0] Heap_lock - owner thread: 0x000002e06eea0c10

Heap address: 0x00000006ff800000, size: 4104 MB, Compressed Oops mode: Zero based, Oop shift amount: 3

CDS archive(s) mapped at: [0x0000000000000000-0x0000000000000000-0x0000000000000000), size 0, SharedBaseAddress: 0x0000000800000000, ArchiveRelocationMode: 1.
Narrow klass base: 0x0000000000000000, Narrow klass shift: 0, Narrow klass range: 0x0

GC Precious Log:
<Empty>

Heap:
 garbage-first heap   total 0K, used 0K [0x00000006ff800000, 0x0000000800000000)
  region size 4096K, 0 young (0K), 0 survivors (0K)

[error occurred during error reporting (printing heap information), id 0xc0000005, EXCEPTION_ACCESS_VIOLATION (0xc0000005) at pc=0x00007ffd72702229]

GC Heap History (0 events):
No events

Deoptimization events (0 events):
No events

Classes unloaded (0 events):
No events

Classes redefined (0 events):
No events

Internal exceptions (0 events):
No events

VM Operations (0 events):
No events

Events (1 events):
Event: 0.077 Loaded shared library C:\Program Files\Java\jdk-17\bin\java.dll


Dynamic libraries:
0x00007ff7cbfb0000 - 0x00007ff7cbfc0000 	C:\Program Files\Java\jdk-17\bin\java.exe
0x00007ffd9a550000 - 0x00007ffd9a748000 	C:\WINDOWS\SYSTEM32\ntdll.dll
0x00007ffd7cba0000 - 0x00007ffd7cbb9000 	C:\Program Files\AVG\Antivirus\aswhook.dll
0x00007ffd99860000 - 0x00007ffd9991d000 	C:\WINDOWS\System32\KERNEL32.DLL
0x00007ffd97f20000 - 0x00007ffd981f2000 	C:\WINDOWS\System32\KERNELBASE.dll
0x00007ffd984b0000 - 0x00007ffd985b0000 	C:\WINDOWS\System32\ucrtbase.dll
0x00007ffd81c00000 - 0x00007ffd81c19000 	C:\Program Files\Java\jdk-17\bin\jli.dll
0x00007ffd98a20000 - 0x00007ffd98ace000 	C:\WINDOWS\System32\ADVAPI32.dll
0x00007ffd99e40000 - 0x00007ffd99ede000 	C:\WINDOWS\System32\msvcrt.dll
0x00007ffd996f0000 - 0x00007ffd9978c000 	C:\WINDOWS\System32\sechost.dll
0x00007ffd71f80000 - 0x00007ffd71f9b000 	C:\Program Files\Java\jdk-17\bin\VCRUNTIME140.dll
0x00007ffd99c80000 - 0x00007ffd99da5000 	C:\WINDOWS\System32\RPCRT4.dll
0x00007ffd986d0000 - 0x00007ffd9886d000 	C:\WINDOWS\System32\USER32.dll
0x00007ffd98290000 - 0x00007ffd982b2000 	C:\WINDOWS\System32\win32u.dll
0x00007ffd99ee0000 - 0x00007ffd99f0b000 	C:\WINDOWS\System32\GDI32.dll
0x00007ffd97e10000 - 0x00007ffd97f1f000 	C:\WINDOWS\System32\gdi32full.dll
0x00007ffd983e0000 - 0x00007ffd9847d000 	C:\WINDOWS\System32\msvcp_win.dll
0x00007ffd85700000 - 0x00007ffd8599a000 	C:\WINDOWS\WinSxS\amd64_microsoft.windows.common-controls_6595b64144ccf1df_6.0.19041.1110_none_60b5254171f9507e\COMCTL32.dll
0x00007ffd90a70000 - 0x00007ffd90a7a000 	C:\WINDOWS\SYSTEM32\VERSION.dll
0x00007ffd99e10000 - 0x00007ffd99e40000 	C:\WINDOWS\System32\IMM32.DLL
0x00007ffd8ae70000 - 0x00007ffd8ae7c000 	C:\Program Files\Java\jdk-17\bin\vcruntime140_1.dll
0x00007ffd75cc0000 - 0x00007ffd75d4e000 	C:\Program Files\Java\jdk-17\bin\msvcp140.dll
0x00007ffd72030000 - 0x00007ffd72c11000 	C:\Program Files\Java\jdk-17\bin\server\jvm.dll
0x00007ffd9a430000 - 0x00007ffd9a438000 	C:\WINDOWS\System32\PSAPI.DLL
0x00007ffd8a580000 - 0x00007ffd8a589000 	C:\WINDOWS\SYSTEM32\WSOCK32.dll
0x00007ffd9a4a0000 - 0x00007ffd9a50b000 	C:\WINDOWS\System32\WS2_32.dll
0x00007ffd90a40000 - 0x00007ffd90a67000 	C:\WINDOWS\SYSTEM32\WINMM.dll
0x00007ffd95b20000 - 0x00007ffd95b32000 	C:\WINDOWS\SYSTEM32\kernel.appcore.dll
0x00007ffd821d0000 - 0x00007ffd821da000 	C:\Program Files\Java\jdk-17\bin\jimage.dll
0x00007ffd8eb00000 - 0x00007ffd8ece4000 	C:\WINDOWS\SYSTEM32\DBGHELP.DLL
0x00007ffd8ead0000 - 0x00007ffd8eafc000 	C:\WINDOWS\SYSTEM32\dbgcore.DLL
0x00007ffd98200000 - 0x00007ffd98282000 	C:\WINDOWS\System32\bcryptPrimitives.dll
0x00007ffd71c50000 - 0x00007ffd71c75000 	C:\Program Files\Java\jdk-17\bin\java.dll

dbghelp: loaded successfully - version: 4.0.5 - missing functions: none
symbol engine: initialized successfully - sym options: 0x614 - pdb path: .;C:\Program Files\Java\jdk-17\bin;C:\WINDOWS\SYSTEM32;C:\Program Files\AVG\Antivirus;C:\WINDOWS\WinSxS\amd64_microsoft.windows.common-controls_6595b64144ccf1df_6.0.19041.1110_none_60b5254171f9507e;C:\Program Files\Java\jdk-17\bin\server

VM Arguments:
jvm_args: -Dfile.encoding=UTF-8 -Xms4102m --module-path=C:\Users\ajay\Documents\NetBeansProjects\ATM Simulator Machine\build\classes 
java_command: atm.simulator.machine.Login
java_class_path (initial): C:\Users\ajay\Downloads\jcalendar-tz-1.3.3-4.jar;C:\Users\ajay\Downloads\mysql-connector-java-8.0.28.jar;C:\Users\ajay\Documents\NetBeansProjects\ATM Simulator Machine\build\classes
Launcher Type: SUN_STANDARD

[Global flags]
     intx CICompilerCount                          = 2                                         {product} {ergonomic}
     uint ConcGCThreads                            = 1                                         {product} {ergonomic}
     uint G1ConcRefinementThreads                  = 2                                         {product} {ergonomic}
   size_t G1HeapRegionSize                         = 4194304                                   {product} {ergonomic}
    uintx GCDrainStackTargetSize                   = 64                                        {product} {ergonomic}
   size_t InitialHeapSize                          = 4303355904                                {product} {command line, ergonomic}
   size_t MarkStackSize                            = 4194304                                   {product} {ergonomic}
   size_t MaxHeapSize                              = 4303355904                                {product} {ergonomic}
   size_t MinHeapDeltaBytes                        = 4194304                                   {product} {ergonomic}
   size_t MinHeapSize                              = 4303355904                                {product} {command line, ergonomic}
    uintx NonNMethodCodeHeapSize                   = 5826188                                {pd product} {ergonomic}
    uintx NonProfiledCodeHeapSize                  = 122916026                              {pd product} {ergonomic}
    uintx ProfiledCodeHeapSize                     = 122916026                              {pd product} {ergonomic}
    uintx ReservedCodeCacheSize                    = 251658240                              {pd product} {ergonomic}
     bool SegmentedCodeCache                       = true                                      {product} {ergonomic}
   size_t SoftMaxHeapSize                          = 4303355904                             {manageable} {ergonomic}
     bool UseCompressedClassPointers               = true                           {product lp64_product} {ergonomic}
     bool UseCompressedOops                        = true                           {product lp64_product} {ergonomic}
     bool UseG1GC                                  = true                                      {product} {ergonomic}
     bool UseLargePagesIndividualAllocation        = false                                  {pd product} {ergonomic}

Logging:
Log output configuration:
 #0: stdout all=warning uptime,level,tags
 #1: stderr all=off uptime,level,tags

Environment Variables:
JAVA_HOME=C:\Program Files\Java\jdk-19
PATH=C:\Program Files\Common Files\Oracle\Java\javapath;C:\oraclexe\app\oracle\product\11.2.0\server\bin;C:\Python310\Scripts\;C:\WINDOWS\system32;C:\WINDOWS;C:\WINDOWS\System32\Wbem;C:\WINDOWS\System32\WindowsPowerShell\v1.0\;C:\WINDOWS\System32\OpenSSH\;C:\Program Files (x86)\Git\cmd;C:\MinGW\bin;C:\Program Files\MySQL\MySQL Server 8.0\bin;C:\Program Files\Java\jdk-19\bin;C:\Program Files\MongoDB\Server\4.4\bin;C:\Program Files\Java\jdk-17\bin;C:\Program Files\nodejs\;C:\Program Files\MySQL\MySQL Shell 8.0\bin\;C:\Users\ajay\AppData\Local\Programs\Microsoft VS Code\bin;C:\Users\ajay\AppData\Roaming\npm
USERNAME=ajay
OS=Windows_NT
PROCESSOR_IDENTIFIER=AMD64 Family 22 Model 48 Stepping 1, AuthenticAMD



---------------  S Y S T E M  ---------------

OS:
 Windows 10 , 64 bit Build 19041 (10.0.19041.1889)
OS uptime: 0 days 0:23 hours

CPU: total 2 (initial active 2) (2 cores per cpu, 1 threads per core) family 22 model 48 stepping 1 microcode 0x0, cx8, cmov, fxsr, mmx, 3dnowpref, sse, sse2, sse3, ssse3, sse4a, sse4.1, sse4.2, popcnt, lzcnt, tsc, tscinvbit, avx, aes, clmul, bmi1, vzeroupper, clflush

Memory: 4k page, system-wide physical 3541M (525M free)
TotalPageFile size 13897M (AvailPageFile size 1494M)
current process WorkingSet (physical memory assigned to process): 10M, peak: 10M
current process commit charge ("private bytes"): 47M, peak: 4151M

vm_info: Java HotSpot(TM) 64-Bit Server VM (17.0.9+11-LTS-201) for windows-amd64 JRE (17.0.9+11-LTS-201), built on Oct 10 2023 23:16:06 by "mach5one" with MS VC++ 17.1 (VS2022)

END.
